[07-Oct-2017 01:36:18 UTC] PHP Notice:  Undefined offset: 1 in C:\Winginx\home\localhost\public_html\app\global.php on line 7
[07-Oct-2017 01:36:18 UTC] PHP Notice:  Undefined variable: start in C:\Winginx\home\localhost\public_html\app\global.php on line 9
[07-Oct-2017 01:36:19 UTC] PHP Notice:  Undefined offset: 1 in C:\Winginx\home\localhost\public_html\app\global.php on line 7
[07-Oct-2017 01:36:19 UTC] PHP Notice:  Undefined variable: start in C:\Winginx\home\localhost\public_html\app\global.php on line 9
[07-Oct-2017 01:36:34 UTC] PHP Notice:  Undefined variable: start in C:\Winginx\home\localhost\public_html\app\global.php on line 9
[07-Oct-2017 01:36:35 UTC] PHP Notice:  Undefined variable: start in C:\Winginx\home\localhost\public_html\app\global.php on line 9
[07-Oct-2017 01:37:50 UTC] PHP Notice:  Undefined variable: start in C:\Winginx\home\localhost\public_html\app\global.php on line 10
[07-Oct-2017 01:37:51 UTC] PHP Notice:  Undefined variable: start in C:\Winginx\home\localhost\public_html\app\global.php on line 10
[07-Oct-2017 01:38:57 UTC] PHP Notice:  A non well formed numeric value encountered in C:\Winginx\home\localhost\public_html\app\global.php on line 9
[07-Oct-2017 01:38:58 UTC] PHP Notice:  A non well formed numeric value encountered in C:\Winginx\home\localhost\public_html\app\global.php on line 9
[07-Oct-2017 01:49:48 UTC] PHP Warning:  require(C:\Winginx\home\localhost\public_html): failed to open stream: Permission denied in C:\Winginx\home\localhost\public_html\public\index.php on line 12
[07-Oct-2017 01:49:48 UTC] PHP Fatal error:  require(): Failed opening required 'C:\Winginx\home\localhost\public_html' (include_path='.;C:\php\pear') in C:\Winginx\home\localhost\public_html\public\index.php on line 12
[07-Oct-2017 01:49:48 UTC] PHP Warning:  require(C:\Winginx\home\localhost\public_html): failed to open stream: Permission denied in C:\Winginx\home\localhost\public_html\public\index.php on line 12
[07-Oct-2017 01:49:48 UTC] PHP Fatal error:  require(): Failed opening required 'C:\Winginx\home\localhost\public_html' (include_path='.;C:\php\pear') in C:\Winginx\home\localhost\public_html\public\index.php on line 12
[07-Oct-2017 02:33:00 UTC] PHP Fatal error:  Uncaught Error: Class 'Monolog\Logger' not found in C:\Winginx\home\localhost\public_html\BlackCMS\bootstrap\app.php:18
Stack trace:
#0 C:\Winginx\home\localhost\public_html\BlackCMS\public\index.php(13): require()
#1 {main}
  thrown in C:\Winginx\home\localhost\public_html\BlackCMS\bootstrap\app.php on line 18
[07-Oct-2017 02:33:30 UTC] PHP Fatal error:  Uncaught Error: Class 'Monolog\Logger' not found in C:\Winginx\home\localhost\public_html\BlackCMS\bootstrap\app.php:18
Stack trace:
#0 C:\Winginx\home\localhost\public_html\BlackCMS\public\index.php(13): require()
#1 {main}
  thrown in C:\Winginx\home\localhost\public_html\BlackCMS\bootstrap\app.php on line 18
[07-Oct-2017 02:34:11 UTC] PHP Fatal error:  Uncaught Error: Class 'Monolog\Logger' not found in C:\Winginx\home\localhost\public_html\BlackCMS\bootstrap\app.php:18
Stack trace:
#0 C:\Winginx\home\localhost\public_html\BlackCMS\public\index.php(13): require()
#1 {main}
  thrown in C:\Winginx\home\localhost\public_html\BlackCMS\bootstrap\app.php on line 18
[07-Oct-2017 02:34:34 UTC] PHP Fatal error:  Uncaught Error: Class 'Monolog\Logger' not found in C:\Winginx\home\localhost\public_html\BlackCMS\bootstrap\app.php:18
Stack trace:
#0 C:\Winginx\home\localhost\public_html\BlackCMS\public\index.php(13): require()
#1 {main}
  thrown in C:\Winginx\home\localhost\public_html\BlackCMS\bootstrap\app.php on line 18
[07-Oct-2017 02:34:45 UTC] PHP Fatal error:  Uncaught Error: Class 'Monolog\Logger' not found in C:\Winginx\home\localhost\public_html\BlackCMS\bootstrap\app.php:18
Stack trace:
#0 C:\Winginx\home\localhost\public_html\BlackCMS\public\index.php(13): require()
#1 {main}
  thrown in C:\Winginx\home\localhost\public_html\BlackCMS\bootstrap\app.php on line 18
[07-Oct-2017 02:57:03 UTC] PHP Notice:  Undefined variable: error in C:\Winginx\home\localhost\public_html\BlackCMS\public\check.php on line 27
[07-Oct-2017 02:57:10 UTC] PHP Warning:  printf(): Too few arguments in C:\Winginx\home\localhost\public_html\BlackCMS\public\check.php on line 20
[07-Oct-2017 03:01:42 UTC] PHP Notice:  Undefined index: software in C:\Winginx\home\localhost\public_html\BlackCMS\public\check.php on line 36
[07-Oct-2017 03:01:51 UTC] PHP Notice:  Undefined index: software in C:\Winginx\home\localhost\public_html\BlackCMS\public\check.php on line 29
[07-Oct-2017 23:33:45 UTC] PHP Fatal error:  Uncaught Error: Class 'Fedee' not found in C:\Winginx\home\localhost\public_html\BlackCMS\bootstrap\app.php:17
Stack trace:
#0 C:\Winginx\home\localhost\public_html\BlackCMS\public\index.php(13): require()
#1 {main}
  thrown in C:\Winginx\home\localhost\public_html\BlackCMS\bootstrap\app.php on line 17
[07-Oct-2017 23:34:38 UTC] PHP Fatal error:  Uncaught Error: Class 'Fedee' not found in C:\Winginx\home\localhost\public_html\BlackCMS\bootstrap\app.php:17
Stack trace:
#0 C:\Winginx\home\localhost\public_html\BlackCMS\public\index.php(13): require()
#1 {main}
  thrown in C:\Winginx\home\localhost\public_html\BlackCMS\bootstrap\app.php on line 17
[07-Oct-2017 23:45:07 UTC] PHP Fatal error:  Uncaught Error: Class 'Fedee' not found in C:\Winginx\home\localhost\public_html\BlackCMS\bootstrap\app.php:17
Stack trace:
#0 C:\Winginx\home\localhost\public_html\BlackCMS\public\index.php(13): require()
#1 {main}
  thrown in C:\Winginx\home\localhost\public_html\BlackCMS\bootstrap\app.php on line 17
[07-Oct-2017 23:55:21 UTC] PHP Fatal error:  Uncaught Error: Class 'Fedee\Fedee' not found in C:\Winginx\home\localhost\public_html\BlackCMS\bootstrap\app.php:17
Stack trace:
#0 C:\Winginx\home\localhost\public_html\BlackCMS\public\index.php(13): require()
#1 {main}
  thrown in C:\Winginx\home\localhost\public_html\BlackCMS\bootstrap\app.php on line 17
[07-Oct-2017 23:56:31 UTC] PHP Fatal error:  Uncaught Error: Class 'Fedee\Fedee' not found in C:\Winginx\home\localhost\public_html\BlackCMS\bootstrap\app.php:17
Stack trace:
#0 C:\Winginx\home\localhost\public_html\BlackCMS\public\index.php(13): require()
#1 {main}
  thrown in C:\Winginx\home\localhost\public_html\BlackCMS\bootstrap\app.php on line 17
[07-Oct-2017 23:56:44 UTC] PHP Notice:  Use of undefined constant CWD - assumed 'CWD' in C:\Winginx\home\localhost\public_html\BlackCMS\app\library\Fedee\fedee.class.php on line 28
[07-Oct-2017 23:56:44 UTC] PHP Warning:  require(CWD/app/library/logger.class.php): failed to open stream: No such file or directory in C:\Winginx\home\localhost\public_html\BlackCMS\app\library\Fedee\fedee.class.php on line 32
[07-Oct-2017 23:56:44 UTC] PHP Fatal error:  require(): Failed opening required 'CWD/app/library/logger.class.php' (include_path='.;C:\php\pear') in C:\Winginx\home\localhost\public_html\BlackCMS\app\library\Fedee\fedee.class.php on line 32
[07-Oct-2017 23:57:03 UTC] PHP Warning:  require(C:\Winginx\home\localhost\public_html\BlackCMS/app/library/logger.class.php): failed to open stream: No such file or directory in C:\Winginx\home\localhost\public_html\BlackCMS\app\library\Fedee\fedee.class.php on line 32
[07-Oct-2017 23:57:03 UTC] PHP Fatal error:  require(): Failed opening required 'C:\Winginx\home\localhost\public_html\BlackCMS/app/library/logger.class.php' (include_path='.;C:\php\pear') in C:\Winginx\home\localhost\public_html\BlackCMS\app\library\Fedee\fedee.class.php on line 32
[07-Oct-2017 23:57:16 UTC] PHP Fatal error:  Uncaught Error: Call to a member function warning() on null in C:\Winginx\home\localhost\public_html\BlackCMS\bootstrap\app.php:18
Stack trace:
#0 C:\Winginx\home\localhost\public_html\BlackCMS\public\index.php(13): require()
#1 {main}
  thrown in C:\Winginx\home\localhost\public_html\BlackCMS\bootstrap\app.php on line 18
[08-Oct-2017 00:34:25 UTC] PHP Fatal error:  Uncaught Error: Class 'Fedee\Fedee' not found in C:\Winginx\home\localhost\public_html\BlackCMS\bootstrap\app.php:19
Stack trace:
#0 C:\Winginx\home\localhost\public_html\BlackCMS\public\index.php(13): require()
#1 {main}
  thrown in C:\Winginx\home\localhost\public_html\BlackCMS\bootstrap\app.php on line 19
[08-Oct-2017 00:40:06 UTC] PHP Fatal error:  Uncaught Error: Class 'Fedee\Fedee\Twig_Loader_Filesystem' not found in C:\Winginx\home\localhost\public_html\BlackCMS\app\library\Fedee\template.class.php:21
Stack trace:
#0 C:\Winginx\home\localhost\public_html\BlackCMS\app\library\Fedee\fedee.class.php(37): Fedee\Fedee\Template->__construct()
#1 C:\Winginx\home\localhost\public_html\BlackCMS\bootstrap\app.php(22): Fedee\Fedee\Fedee::get('template')
#2 C:\Winginx\home\localhost\public_html\BlackCMS\public\index.php(13): require('C:\\Winginx\\home...')
#3 {main}
  thrown in C:\Winginx\home\localhost\public_html\BlackCMS\app\library\Fedee\template.class.php on line 21
[08-Oct-2017 00:41:38 UTC] PHP Fatal error:  Uncaught TypeError: Argument 2 passed to Twig_Environment::render() must be of the type array, null given, called in C:\Winginx\home\localhost\public_html\BlackCMS\app\library\Fedee\template.class.php on line 29 and defined in C:\Winginx\home\localhost\public_html\BlackCMS\vendor\twig\twig\lib\Twig\Environment.php:287
Stack trace:
#0 C:\Winginx\home\localhost\public_html\BlackCMS\app\library\Fedee\template.class.php(29): Twig_Environment->render('index.html', NULL)
#1 C:\Winginx\home\localhost\public_html\BlackCMS\bootstrap\app.php(19): Fedee\Fedee\Template->render('index.html')
#2 C:\Winginx\home\localhost\public_html\BlackCMS\public\index.php(13): require('C:\\Winginx\\home...')
#3 {main}
  thrown in C:\Winginx\home\localhost\public_html\BlackCMS\vendor\twig\twig\lib\Twig\Environment.php on line 287
